<?xml version="1.0" encoding="UTF-8"?>
<!-- Generated by org.testng.reporters.JUnitXMLReporter -->
<testsuite hostname="DESKTOP-SBFP0CK" name="Default test(failed)" tests="1" failures="1" timestamp="13 Sep 2017 15:17:24 GMT" time="0.448" errors="0">
  <testcase name="method2" time="0.293" classname="com.package1.Class10">
    <failure type="java.lang.NullPointerException">
      <![CDATA[java.lang.NullPointerException
	at com.package1.Class10.method2(Class10.java)
... Removed 24 stack frames]]>
    </failure>
  </testcase> <!-- method2 -->
</testsuite> <!-- Default test(failed) -->
