<?xml version="1.0" encoding="UTF-8"?>
<testsuite name="TestSuite" time="27.277" tests="2" errors="0" skipped="0" failures="2">
  <properties>
[...]
</properties>
  <testcase name="method1" classname="com.package1.Class10" time="25.602">
    <failure message="Timed out waiting for driver server to start.&#10;Build info: version: &apos;3.5.3&apos;, revision: &apos;a88d25fe6b&apos;, time: &apos;2017-08-29T12:42:44.417Z&apos;&#10;System info: host: &apos;DESKTOP-SBFP0CK&apos;, ip: &apos;192.168.0.104&apos;, os.name: &apos;Windows 10&apos;, os.arch: &apos;amd64&apos;, os.version: &apos;10.0&apos;, java.version: &apos;1.8.0_91&apos;&#10;Driver info: driver.version: ChromeDriver" type="org.openqa.selenium.WebDriverException"><![CDATA[org.openqa.selenium.WebDriverException: Timed out waiting for driver server to start.
Build info: version: '3.5.3', revision: 'a88d25fe6b', time: '2017-08-29T12:42:44.417Z'
System info: host: 'DESKTOP-SBFP0CK', ip: '192.168.0.104', os.name: 'Windows 10', os.arch: 'amd64', os.version: '10.0', java.version: '1.8.0_91'
Driver info: driver.version: ChromeDriver
	at java.util.concurrent.FutureTask.get(FutureTask.java:205)
	at com.google.common.util.concurrent.SimpleTimeLimiter.callWithTimeout(SimpleTimeLimiter.java:147)
	at org.openqa.selenium.net.UrlChecker.waitUntilAvailable(UrlChecker.java:77)
	at org.openqa.selenium.remote.service.DriverService.waitUntilAvailable(DriverService.java:187)
	at org.openqa.selenium.remote.service.DriverService.start(DriverService.java:178)
	at org.openqa.selenium.remote.service.DriverCommandExecutor.execute(DriverCommandExecutor.java:78)
	at org.openqa.selenium.remote.RemoteWebDriver.execute(RemoteWebDriver.java:646)
	at org.openqa.selenium.remote.RemoteWebDriver.startSession(RemoteWebDriver.java:255)
	at org.openqa.selenium.remote.RemoteWebDriver.startSession(RemoteWebDriver.java:237)
	at org.openqa.selenium.remote.RemoteWebDriver.<init>(RemoteWebDriver.java:138)
	at org.openqa.selenium.chrome.ChromeDriver.<init>(ChromeDriver.java:178)
	at org.openqa.selenium.chrome.ChromeDriver.<init>(ChromeDriver.java:167)
	at org.openqa.selenium.chrome.ChromeDriver.<init>(ChromeDriver.java:124)
	at com.package1.Class10.method1(Class10.java)
]]></failure>
    <system-out><![CDATA[Chromepath isF:\Selenium\Software\chromedriver.exe
]]></system-out>
  </testcase>
  <testcase name="method2" classname="com.package1.Class10" time="1.675">
    <failure type="java.lang.NullPointerException:">java.lang.NullPointerException: null
	at org.openqa.selenium.support.pagefactory.DefaultElementLocator.findElement(DefaultElementLocator.java:69)
	at org.openqa.selenium.support.pagefactory.internal.LocatingElementHandler.invoke(LocatingElementHandler.java:38)
	at com.sun.proxy.$Proxy5.clear(Unknown Source)
	at com.facebook.pages.LoginPage2.LoginFb2(LoginPage2.java)
	at com.package1.Class10.method2(Class10.java)
</failure>
    <system-out><![CDATA[In Method 2
]]></system-out>
  </testcase>
</testsuite>